#! /c/Source/iverilog-install/bin/vvp
:ivl_version "12.0 (devel)" "(s20150603-1110-g18392a46)";
:ivl_delay_selection "TYPICAL";
:vpi_time_precision + 0;
:vpi_module "C:\iverilog\lib\ivl\system.vpi";
:vpi_module "C:\iverilog\lib\ivl\vhdl_sys.vpi";
:vpi_module "C:\iverilog\lib\ivl\vhdl_textio.vpi";
:vpi_module "C:\iverilog\lib\ivl\v2005_math.vpi";
:vpi_module "C:\iverilog\lib\ivl\va_math.vpi";
S_0000026fd79b6980 .scope module, "output_tb" "output_tb" 2 1;
 .timescale 0 0;
    .port_info 0 /INPUT 1 "clk";
    .port_info 1 /INPUT 1 "rst";
    .port_info 2 /INPUT 14 "min_sad0";
    .port_info 3 /INPUT 14 "min_sad1";
    .port_info 4 /INPUT 1 "finish_a_cur0";
    .port_info 5 /INPUT 1 "finish_a_cur1";
    .port_info 6 /INPUT 4 "mv_x0";
    .port_info 7 /INPUT 4 "mv_y0";
    .port_info 8 /INPUT 4 "mv_x1";
    .port_info 9 /INPUT 4 "mv_y1";
o0000026fd7839fb8 .functor BUFZ 1, C4<z>; HiZ drive
v0000026fd79b6f90_0 .net "clk", 0 0, o0000026fd7839fb8;  0 drivers
v0000026fd79b71b0_0 .var/i "fd", 31 0;
o0000026fd783a018 .functor BUFZ 1, C4<z>; HiZ drive
v0000026fd79b6bc0_0 .net "finish_a_cur0", 0 0, o0000026fd783a018;  0 drivers
o0000026fd783a048 .functor BUFZ 1, C4<z>; HiZ drive
v0000026fd79b6c60_0 .net "finish_a_cur1", 0 0, o0000026fd783a048;  0 drivers
o0000026fd783a078 .functor BUFZ 14, C4<zzzzzzzzzzzzzz>; HiZ drive
v0000026fd79b6d00_0 .net "min_sad0", 13 0, o0000026fd783a078;  0 drivers
o0000026fd783a0a8 .functor BUFZ 14, C4<zzzzzzzzzzzzzz>; HiZ drive
v0000026fd79b6da0_0 .net "min_sad1", 13 0, o0000026fd783a0a8;  0 drivers
o0000026fd783a0d8 .functor BUFZ 4, C4<zzzz>; HiZ drive
v0000026fd7834a30_0 .net "mv_x0", 3 0, o0000026fd783a0d8;  0 drivers
o0000026fd783a108 .functor BUFZ 4, C4<zzzz>; HiZ drive
v0000026fd7834ad0_0 .net "mv_x1", 3 0, o0000026fd783a108;  0 drivers
o0000026fd783a138 .functor BUFZ 4, C4<zzzz>; HiZ drive
v0000026fd7834b70_0 .net "mv_y0", 3 0, o0000026fd783a138;  0 drivers
o0000026fd783a168 .functor BUFZ 4, C4<zzzz>; HiZ drive
v0000026fd7834c10_0 .net "mv_y1", 3 0, o0000026fd783a168;  0 drivers
o0000026fd783a198 .functor BUFZ 1, C4<z>; HiZ drive
v0000026fd7834cb0_0 .net "rst", 0 0, o0000026fd783a198;  0 drivers
E_0000026fd7826620/0 .event negedge, v0000026fd7834cb0_0;
E_0000026fd7826620/1 .event posedge, v0000026fd79b6f90_0;
E_0000026fd7826620 .event/or E_0000026fd7826620/0, E_0000026fd7826620/1;
    .scope S_0000026fd79b6980;
T_0 ;
    %vpi_func 2 17 "$fopen" 32, "data_out.txt", "w" {0 0 0};
    %store/vec4 v0000026fd79b71b0_0, 0, 32;
    %end;
    .thread T_0;
    .scope S_0000026fd79b6980;
T_1 ;
    %wait E_0000026fd7826620;
    %load/vec4 v0000026fd7834cb0_0;
    %nor/r;
    %flag_set/vec4 8;
    %jmp/0xz  T_1.0, 8;
    %jmp T_1.1;
T_1.0 ;
    %load/vec4 v0000026fd79b6bc0_0;
    %pad/u 32;
    %cmpi/e 1, 0, 32;
    %jmp/0xz  T_1.2, 4;
    %vpi_call 2 34 "$fwrite", v0000026fd79b71b0_0, "%s", "mv_x:" {0 0 0};
    %load/vec4 v0000026fd7834a30_0;
    %pad/u 32;
    %addi 1, 0, 32;
    %addi 1, 0, 32;
    %vpi_call 2 35 "$fwrite", v0000026fd79b71b0_0, "%d", S<0,vec4,s32> {1 0 0};
    %vpi_call 2 36 "$fwrite", v0000026fd79b71b0_0, "\011%s", "mv_y:" {0 0 0};
    %load/vec4 v0000026fd7834b70_0;
    %pad/s 32;
    %addi 1, 0, 32;
    %vpi_call 2 37 "$fwrite", v0000026fd79b71b0_0, "%d", S<0,vec4,s32> {1 0 0};
    %vpi_call 2 38 "$fwrite", v0000026fd79b71b0_0, "\011%s", "min_sad:" {0 0 0};
    %vpi_call 2 39 "$fwrite", v0000026fd79b71b0_0, "%d\012", v0000026fd79b6d00_0 {0 0 0};
T_1.2 ;
    %load/vec4 v0000026fd79b6c60_0;
    %pad/u 32;
    %cmpi/e 1, 0, 32;
    %jmp/0xz  T_1.4, 4;
    %vpi_call 2 42 "$fwrite", v0000026fd79b71b0_0, "%s", "mv_x:" {0 0 0};
    %load/vec4 v0000026fd7834ad0_0;
    %pad/u 32;
    %addi 1, 0, 32;
    %addi 1, 0, 32;
    %vpi_call 2 43 "$fwrite", v0000026fd79b71b0_0, "%d", S<0,vec4,s32> {1 0 0};
    %vpi_call 2 44 "$fwrite", v0000026fd79b71b0_0, "\011%s", "mv_y:" {0 0 0};
    %load/vec4 v0000026fd7834c10_0;
    %pad/s 32;
    %addi 1, 0, 32;
    %vpi_call 2 45 "$fwrite", v0000026fd79b71b0_0, "%d", S<0,vec4,s32> {1 0 0};
    %vpi_call 2 46 "$fwrite", v0000026fd79b71b0_0, "\011%s", "min_sad:" {0 0 0};
    %vpi_call 2 47 "$fwrite", v0000026fd79b71b0_0, "%d\012", v0000026fd79b6da0_0 {0 0 0};
T_1.4 ;
T_1.1 ;
    %jmp T_1;
    .thread T_1;
# The file index is used to find the file name in the following table.
:file_names 3;
    "N/A";
    "<interactive>";
    "output_tb.v";
